<?xml version="1.0" encoding="UTF-8"?>
<!-- Generated by org.testng.reporters.JUnitReportReporter -->
<testsuite skipped="0" hostname="DESKTOP-BR80DDH" name="com.acti.testcases.TC02_CreateCustomer" tests="1" failures="0" timestamp="08 Nov 2020 08:05:28 GMT" time="14.684" errors="0">
  <testcase name="testCreateCustomer" time="14.684" classname="com.acti.testcases.TC02_CreateCustomer"/>
</testsuite> <!-- com.acti.testcases.TC02_CreateCustomer -->
