<?xml version="1.0" encoding="UTF-8"?>
<!-- Generated by org.testng.reporters.JUnitReportReporter -->
<testsuite skipped="0" hostname="DESKTOP-BR80DDH" name="com.acti.testcases.TC01_LoginTest" tests="2" failures="0" timestamp="08 Nov 2020 05:56:05 GMT" time="30.876" errors="0">
  <testcase name="testLoginFunction" time="22.113" classname="com.acti.testcases.TC01_LoginTest"/>
  <testcase name="testVerifyLogoDisplayed" time="8.763" classname="com.acti.testcases.TC01_LoginTest"/>
</testsuite> <!-- com.acti.testcases.TC01_LoginTest -->
