<?xml version="1.0" encoding="UTF-8"?>
<!-- Generated by org.testng.reporters.JUnitReportReporter -->
<testsuite skipped="0" hostname="DESKTOP-BR80DDH" name="com.acti.base.DriverScript" tests="1" failures="0" timestamp="07 Nov 2020 23:55:10 GMT" time="10.882" errors="0">
  <testcase name="initBrowser" time="10.882" classname="com.acti.base.DriverScript"/>
</testsuite> <!-- com.acti.base.DriverScript -->
